0 verbose cli /usr/local/nvm/versions/node/v18.12.1/bin/node /usr/local/nvm/versions/node/v18.12.1/bin/npm
1 info using npm@9.6.5
2 info using node@v18.12.1
3 timing npm:load:whichnode Completed in 9ms
4 timing config:load:defaults Completed in 4ms
5 timing config:load:file:/usr/local/nvm/versions/node/v18.12.1/lib/node_modules/npm/npmrc Completed in 21ms
6 timing config:load:builtin Completed in 21ms
7 timing config:load:cli Completed in 26ms
8 timing config:load:env Completed in 3ms
9 timing config:load:file:/home/c150dkx3895/.cache/typescript/3.8/.npmrc Completed in 0ms
10 timing config:load:project Completed in 9ms
11 timing config:load:file:/home/c150dkx3895/.npmrc Completed in 0ms
12 timing config:load:user Completed in 1ms
13 timing config:load:file:/usr/local/nvm/versions/node/v18.12.1/etc/npmrc Completed in 7ms
14 timing config:load:global Completed in 7ms
15 timing config:load:setEnvs Completed in 2ms
16 timing config:load Completed in 73ms
17 timing npm:load:configload Completed in 73ms
18 timing npm:load:mkdirpcache Completed in 1ms
19 timing npm:load:mkdirplogs Completed in 0ms
20 verbose title npm install types-registry@latest
21 verbose argv "install" "--ignore-scripts" "types-registry@latest"
22 timing npm:load:setTitle Completed in 2ms
23 timing config:load:flatten Completed in 10ms
24 timing npm:load:display Completed in 11ms
25 verbose logfile logs-max:10 dir:/home/c150dkx3895/.npm/_logs/2023-05-04T11_19_58_311Z-
26 verbose logfile /home/c150dkx3895/.npm/_logs/2023-05-04T11_19_58_311Z-debug-0.log
27 timing npm:load:logFile Completed in 57ms
28 timing npm:load:timers Completed in 1ms
29 timing npm:load:configScope Completed in 0ms
30 timing npm:load Completed in 155ms
31 timing arborist:ctor Completed in 1ms
32 silly logfile start cleaning logs, removing 3 files
33 timing idealTree:init Completed in 207ms
34 silly logfile done cleaning log files
35 timing arborist:ctor Completed in 0ms
36 http fetch GET 200 https://registry.npmjs.org/types-registry 445ms (cache revalidated)
37 timing idealTree:userRequests Completed in 504ms
38 silly idealTree buildDeps
39 silly fetch manifest types-registry@0.1.642
40 silly placeDep ROOT types-registry@0.1.642 REPLACE for:  want: 0.1.642
41 timing idealTree:#root Completed in 34ms
42 timing idealTree:node_modules/types-registry Completed in 0ms
43 timing idealTree:buildDeps Completed in 73ms
44 timing idealTree:fixDepFlags Completed in 1ms
45 timing idealTree Completed in 793ms
46 timing reify:loadTrees Completed in 795ms
47 timing reify:diffTrees Completed in 3ms
48 silly reify moves {}
49 timing reify:retireShallow Completed in 11ms
50 timing reify:createSparse Completed in 0ms
51 timing reify:loadBundles Completed in 0ms
52 silly audit bulk request {
52 silly audit   '@types/body-parser': [ '1.19.2' ],
52 silly audit   '@types/busboy': [ '1.3.0' ],
52 silly audit   '@types/concat-stream': [ '2.0.0' ],
52 silly audit   '@types/connect': [ '3.4.35' ],
52 silly audit   '@types/dateformat': [ '5.0.0' ],
52 silly audit   '@types/express': [ '4.17.13' ],
52 silly audit   '@types/express-serve-static-core': [ '4.17.34' ],
52 silly audit   '@types/merge-descriptors': [ '1.0.1' ],
52 silly audit   '@types/mime': [ '1.3.2' ],
52 silly audit   '@types/multer': [ '1.4.7' ],
52 silly audit   '@types/mysql': [ '2.15.21' ],
52 silly audit   '@types/node': [ '18.16.3' ],
52 silly audit   '@types/on-finished': [ '2.3.1' ],
52 silly audit   '@types/qs': [ '6.9.7' ],
52 silly audit   '@types/range-parser': [ '1.2.4' ],
52 silly audit   '@types/send': [ '0.17.1' ],
52 silly audit   '@types/serve-static': [ '1.13.10' ],
52 silly audit   '@types/sqlstring': [ '2.3.0' ],
52 silly audit   '@types/type-is': [ '1.6.3' ],
52 silly audit   '@types/xtend': [ '4.0.4' ],
52 silly audit   'types-registry': [ '0.1.642' ]
52 silly audit }
53 timing reify:unpack Completed in 0ms
54 timing reify:unretire Completed in 0ms
55 timing build:queue Completed in 0ms
56 timing build:deps Completed in 1ms
57 timing build Completed in 1ms
58 timing reify:build Completed in 1ms
59 timing reify:trash Completed in 0ms
60 timing reify:save Completed in 87ms
61 http fetch POST 200 https://registry.npmjs.org/-/npm/v1/security/advisories/bulk 306ms
62 timing auditReport:getReport Completed in 317ms
63 silly audit report {}
64 timing auditReport:init Completed in 0ms
65 timing reify:audit Completed in 318ms
66 timing reify Completed in 1154ms
67 timing command:install Completed in 1191ms
68 verbose exit 0
69 timing npm Completed in 2360ms
70 info ok
