0 verbose cli /usr/local/nvm/versions/node/v18.12.1/bin/node /usr/local/nvm/versions/node/v18.12.1/bin/npm
1 info using npm@9.6.5
2 info using node@v18.12.1
3 timing npm:load:whichnode Completed in 3ms
4 timing config:load:defaults Completed in 22ms
5 timing config:load:file:/usr/local/nvm/versions/node/v18.12.1/lib/node_modules/npm/npmrc Completed in 0ms
6 timing config:load:builtin Completed in 13ms
7 timing config:load:cli Completed in 4ms
8 timing config:load:env Completed in 1ms
9 timing config:load:file:/home/c150dkx3895/.cache/typescript/3.8/.npmrc Completed in 0ms
10 timing config:load:project Completed in 8ms
11 timing config:load:file:/home/c150dkx3895/.npmrc Completed in 1ms
12 timing config:load:user Completed in 1ms
13 timing config:load:file:/usr/local/nvm/versions/node/v18.12.1/etc/npmrc Completed in 0ms
14 timing config:load:global Completed in 0ms
15 timing config:load:setEnvs Completed in 1ms
16 timing config:load Completed in 52ms
17 timing npm:load:configload Completed in 52ms
18 timing npm:load:mkdirpcache Completed in 1ms
19 timing npm:load:mkdirplogs Completed in 0ms
20 verbose title npm install types-registry@latest
21 verbose argv "install" "--ignore-scripts" "types-registry@latest"
22 timing npm:load:setTitle Completed in 4ms
23 timing config:load:flatten Completed in 9ms
24 timing npm:load:display Completed in 12ms
25 verbose logfile logs-max:10 dir:/home/c150dkx3895/.npm/_logs/2023-05-04T09_20_29_647Z-
26 verbose logfile /home/c150dkx3895/.npm/_logs/2023-05-04T09_20_29_647Z-debug-0.log
27 timing npm:load:logFile Completed in 24ms
28 timing npm:load:timers Completed in 0ms
29 timing npm:load:configScope Completed in 0ms
30 timing npm:load Completed in 96ms
31 timing arborist:ctor Completed in 2ms
32 silly logfile done cleaning log files
33 timing arborist:ctor Completed in 0ms
34 timing idealTree:init Completed in 35ms
35 http fetch GET 200 https://registry.npmjs.org/types-registry 134ms (cache miss)
36 timing idealTree:userRequests Completed in 150ms
37 silly idealTree buildDeps
38 silly fetch manifest types-registry@0.1.642
39 silly placeDep ROOT types-registry@0.1.642 OK for:  want: 0.1.642
40 timing idealTree:#root Completed in 11ms
41 timing idealTree:node_modules/types-registry Completed in 0ms
42 timing idealTree:buildDeps Completed in 13ms
43 timing idealTree:fixDepFlags Completed in 1ms
44 timing idealTree Completed in 202ms
45 timing reify:loadTrees Completed in 203ms
46 timing reify:diffTrees Completed in 1ms
47 silly reify moves {}
48 timing reify:retireShallow Completed in 2ms
49 timing reify:createSparse Completed in 2ms
50 timing reify:loadBundles Completed in 0ms
51 silly audit bulk request { 'types-registry': [ '0.1.642' ] }
52 silly tarball no local data for types-registry@https://registry.npmjs.org/types-registry/-/types-registry-0.1.642.tgz. Extracting by manifest.
53 http fetch GET 200 https://registry.npmjs.org/npm 499ms (cache miss)
54 http fetch GET 200 https://registry.npmjs.org/types-registry/-/types-registry-0.1.642.tgz 172ms (cache miss)
55 timing reifyNode:node_modules/types-registry Completed in 195ms
56 timing reify:unpack Completed in 197ms
57 timing reify:unretire Completed in 0ms
58 timing build:queue Completed in 0ms
59 timing build:deps Completed in 1ms
60 timing build Completed in 1ms
61 timing reify:build Completed in 2ms
62 timing reify:trash Completed in 0ms
63 timing reify:save Completed in 9ms
64 http fetch POST 200 https://registry.npmjs.org/-/npm/v1/security/advisories/bulk 286ms
65 timing auditReport:getReport Completed in 292ms
66 silly audit report {}
67 timing auditReport:init Completed in 0ms
68 timing reify:audit Completed in 292ms
69 timing reify Completed in 719ms
70 silly ADD node_modules/types-registry
71 timing command:install Completed in 727ms
72 notice
72 notice New patch version of npm available! 9.6.5 -> 9.6.6
72 notice Changelog: <https://github.com/npm/cli/releases/tag/v9.6.6>
72 notice Run `npm install -g npm@9.6.6` to update!
72 notice
73 verbose exit 0
74 timing npm Completed in 1901ms
75 info ok
